<?xml version="1.0" encoding="UTF-8"?>
<!-- Generated by org.testng.reporters.JUnitReportReporter -->
<testsuite hostname="Rutiks-MacBook-Air.local" failures="0" tests="1" name="com.testcases.TC1_Check_Registration" time="13.586" errors="0" timestamp="2025-09-30T23:47:49 IST" skipped="0">
  <testcase classname="com.testcases.TC1_Check_Registration" name="Check" time="13.586"/>
</testsuite> <!-- com.testcases.TC1_Check_Registration -->
